{"C:\\Users\\Dongcai\\Documents\\Projects\\YAFLAP\\code\\YAFLAP\\src\\iki-parser\\ast-convert.js": {"path":"C:\\Users\\Dongcai\\Documents\\Projects\\YAFLAP\\code\\YAFLAP\\src\\iki-parser\\ast-convert.js","statementMap":{"0":{"start":{"line":2,"column":15},"end":{"line":2,"column":17}},"1":{"start":{"line":3,"column":15},"end":{"line":3,"column":45}},"2":{"start":{"line":4,"column":2},"end":{"line":8,"column":3}},"3":{"start":{"line":5,"column":34},"end":{"line":5,"column":69}},"4":{"start":{"line":6,"column":4},"end":{"line":6,"column":42}},"5":{"start":{"line":7,"column":4},"end":{"line":7,"column":45}},"6":{"start":{"line":9,"column":2},"end":{"line":9,"column":15}},"7":{"start":{"line":13,"column":12},"end":{"line":13,"column":52}},"8":{"start":{"line":14,"column":2},"end":{"line":14,"column":47}},"9":{"start":{"line":15,"column":2},"end":{"line":15,"column":49}},"10":{"start":{"line":16,"column":2},"end":{"line":16,"column":46}},"11":{"start":{"line":17,"column":2},"end":{"line":17,"column":61}},"12":{"start":{"line":22,"column":2},"end":{"line":26,"column":3}},"13":{"start":{"line":23,"column":4},"end":{"line":23,"column":88}},"14":{"start":{"line":25,"column":4},"end":{"line":25,"column":42}},"15":{"start":{"line":30,"column":2},"end":{"line":30,"column":46}},"16":{"start":{"line":31,"column":2},"end":{"line":37,"column":3}},"17":{"start":{"line":32,"column":4},"end":{"line":32,"column":91}},"18":{"start":{"line":33,"column":9},"end":{"line":37,"column":3}},"19":{"start":{"line":34,"column":4},"end":{"line":34,"column":21}},"20":{"start":{"line":36,"column":4},"end":{"line":36,"column":51}},"21":{"start":{"line":41,"column":20},"end":{"line":41,"column":55}},"22":{"start":{"line":42,"column":15},"end":{"line":45,"column":4}},"23":{"start":{"line":47,"column":2},"end":{"line":55,"column":3}},"24":{"start":{"line":48,"column":4},"end":{"line":48,"column":50}},"25":{"start":{"line":49,"column":4},"end":{"line":49,"column":53}},"26":{"start":{"line":50,"column":4},"end":{"line":53,"column":6}},"27":{"start":{"line":54,"column":4},"end":{"line":54,"column":28}},"28":{"start":{"line":57,"column":2},"end":{"line":57,"column":44}},"29":{"start":{"line":59,"column":2},"end":{"line":62,"column":3}},"30":{"start":{"line":66,"column":2},"end":{"line":68,"column":3}},"31":{"start":{"line":67,"column":4},"end":{"line":67,"column":52}},"32":{"start":{"line":69,"column":2},"end":{"line":71,"column":3}},"33":{"start":{"line":70,"column":4},"end":{"line":70,"column":43}},"34":{"start":{"line":72,"column":2},"end":{"line":72,"column":17}},"35":{"start":{"line":76,"column":12},"end":{"line":76,"column":18}},"36":{"start":{"line":77,"column":2},"end":{"line":79,"column":3}},"37":{"start":{"line":78,"column":4},"end":{"line":78,"column":9}},"38":{"start":{"line":80,"column":2},"end":{"line":83,"column":3}},"39":{"start":{"line":87,"column":19},"end":{"line":87,"column":21}},"40":{"start":{"line":88,"column":2},"end":{"line":92,"column":3}},"41":{"start":{"line":89,"column":26},"end":{"line":89,"column":57}},"42":{"start":{"line":90,"column":4},"end":{"line":90,"column":27}},"43":{"start":{"line":91,"column":4},"end":{"line":91,"column":33}},"44":{"start":{"line":93,"column":2},"end":{"line":95,"column":3}},"45":{"start":{"line":94,"column":4},"end":{"line":94,"column":84}},"46":{"start":{"line":96,"column":2},"end":{"line":96,"column":44}},"47":{"start":{"line":100,"column":2},"end":{"line":100,"column":30}},"48":{"start":{"line":104,"column":2},"end":{"line":106,"column":3}},"49":{"start":{"line":105,"column":4},"end":{"line":105,"column":12}},"50":{"start":{"line":107,"column":2},"end":{"line":107,"column":15}},"51":{"start":{"line":111,"column":2},"end":{"line":111,"column":24}},"52":{"start":{"line":115,"column":2},"end":{"line":115,"column":36}}},"fnMap":{"0":{"name":"grammarTextToGrammarStructure","decl":{"start":{"line":1,"column":16},"end":{"line":1,"column":45}},"loc":{"start":{"line":1,"column":59},"end":{"line":10,"column":1}},"line":1},"1":{"name":"parseProduction","decl":{"start":{"line":12,"column":9},"end":{"line":12,"column":24}},"loc":{"start":{"line":12,"column":46},"end":{"line":18,"column":1}},"line":12},"2":{"name":"parseLHSOfProduction","decl":{"start":{"line":21,"column":9},"end":{"line":21,"column":29}},"loc":{"start":{"line":21,"column":51},"end":{"line":27,"column":1}},"line":21},"3":{"name":"skipProductionSign","decl":{"start":{"line":29,"column":9},"end":{"line":29,"column":27}},"loc":{"start":{"line":29,"column":49},"end":{"line":38,"column":1}},"line":29},"4":{"name":"parseRHSOfProduction","decl":{"start":{"line":40,"column":9},"end":{"line":40,"column":29}},"loc":{"start":{"line":40,"column":62},"end":{"line":63,"column":1}},"line":40},"5":{"name":"skipSemiColon","decl":{"start":{"line":65,"column":9},"end":{"line":65,"column":22}},"loc":{"start":{"line":65,"column":44},"end":{"line":73,"column":1}},"line":65},"6":{"name":"parseSymbol","decl":{"start":{"line":75,"column":9},"end":{"line":75,"column":20}},"loc":{"start":{"line":75,"column":42},"end":{"line":84,"column":1}},"line":75},"7":{"name":"parseSymbolList","decl":{"start":{"line":86,"column":9},"end":{"line":86,"column":24}},"loc":{"start":{"line":86,"column":46},"end":{"line":97,"column":1}},"line":86},"8":{"name":"isLetter","decl":{"start":{"line":99,"column":9},"end":{"line":99,"column":17}},"loc":{"start":{"line":99,"column":25},"end":{"line":101,"column":1}},"line":99},"9":{"name":"skipWhitespaces","decl":{"start":{"line":103,"column":9},"end":{"line":103,"column":24}},"loc":{"start":{"line":103,"column":46},"end":{"line":108,"column":1}},"line":103},"10":{"name":"isWhitespace","decl":{"start":{"line":110,"column":9},"end":{"line":110,"column":21}},"loc":{"start":{"line":110,"column":29},"end":{"line":112,"column":1}},"line":110},"11":{"name":"isUppercase","decl":{"start":{"line":114,"column":9},"end":{"line":114,"column":20}},"loc":{"start":{"line":114,"column":28},"end":{"line":116,"column":1}},"line":114}},"branchMap":{"0":{"loc":{"start":{"line":4,"column":9},"end":{"line":4,"column":67}},"type":"binary-expr","locations":[{"start":{"line":4,"column":9},"end":{"line":4,"column":35}},{"start":{"line":4,"column":39},"end":{"line":4,"column":67}}],"line":4},"1":{"loc":{"start":{"line":22,"column":2},"end":{"line":26,"column":3}},"type":"if","locations":[{"start":{"line":22,"column":2},"end":{"line":26,"column":3}},{"start":{"line":22,"column":2},"end":{"line":26,"column":3}}],"line":22},"2":{"loc":{"start":{"line":31,"column":2},"end":{"line":37,"column":3}},"type":"if","locations":[{"start":{"line":31,"column":2},"end":{"line":37,"column":3}},{"start":{"line":31,"column":2},"end":{"line":37,"column":3}}],"line":31},"3":{"loc":{"start":{"line":33,"column":9},"end":{"line":37,"column":3}},"type":"if","locations":[{"start":{"line":33,"column":9},"end":{"line":37,"column":3}},{"start":{"line":33,"column":9},"end":{"line":37,"column":3}}],"line":33},"4":{"loc":{"start":{"line":33,"column":13},"end":{"line":33,"column":73}},"type":"binary-expr","locations":[{"start":{"line":33,"column":13},"end":{"line":33,"column":39}},{"start":{"line":33,"column":43},"end":{"line":33,"column":73}}],"line":33},"5":{"loc":{"start":{"line":47,"column":9},"end":{"line":47,"column":65}},"type":"binary-expr","locations":[{"start":{"line":47,"column":9},"end":{"line":47,"column":35}},{"start":{"line":47,"column":39},"end":{"line":47,"column":65}}],"line":47},"6":{"loc":{"start":{"line":66,"column":2},"end":{"line":68,"column":3}},"type":"if","locations":[{"start":{"line":66,"column":2},"end":{"line":68,"column":3}},{"start":{"line":66,"column":2},"end":{"line":68,"column":3}}],"line":66},"7":{"loc":{"start":{"line":69,"column":2},"end":{"line":71,"column":3}},"type":"if","locations":[{"start":{"line":69,"column":2},"end":{"line":71,"column":3}},{"start":{"line":69,"column":2},"end":{"line":71,"column":3}}],"line":69},"8":{"loc":{"start":{"line":77,"column":9},"end":{"line":77,"column":64}},"type":"binary-expr","locations":[{"start":{"line":77,"column":9},"end":{"line":77,"column":32}},{"start":{"line":77,"column":36},"end":{"line":77,"column":64}}],"line":77},"9":{"loc":{"start":{"line":88,"column":9},"end":{"line":88,"column":67}},"type":"binary-expr","locations":[{"start":{"line":88,"column":9},"end":{"line":88,"column":35}},{"start":{"line":88,"column":39},"end":{"line":88,"column":67}}],"line":88},"10":{"loc":{"start":{"line":93,"column":2},"end":{"line":95,"column":3}},"type":"if","locations":[{"start":{"line":93,"column":2},"end":{"line":95,"column":3}},{"start":{"line":93,"column":2},"end":{"line":95,"column":3}}],"line":93},"11":{"loc":{"start":{"line":104,"column":9},"end":{"line":104,"column":71}},"type":"binary-expr","locations":[{"start":{"line":104,"column":9},"end":{"line":104,"column":35}},{"start":{"line":104,"column":39},"end":{"line":104,"column":71}}],"line":104}},"s":{"0":1,"1":1,"2":1,"3":1,"4":0,"5":0,"6":0,"7":1,"8":0,"9":0,"10":0,"11":0,"12":1,"13":1,"14":0,"15":0,"16":0,"17":0,"18":0,"19":0,"20":0,"21":0,"22":0,"23":0,"24":0,"25":0,"26":0,"27":0,"28":0,"29":0,"30":0,"31":0,"32":0,"33":0,"34":0,"35":0,"36":0,"37":0,"38":0,"39":0,"40":0,"41":0,"42":0,"43":0,"44":0,"45":0,"46":0,"47":1,"48":1,"49":0,"50":1,"51":1,"52":1},"f":{"0":1,"1":1,"2":1,"3":0,"4":0,"5":0,"6":0,"7":0,"8":1,"9":1,"10":1,"11":1},"b":{"0":[1,1],"1":[1,0],"2":[0,0],"3":[0,0],"4":[0,0],"5":[0,0],"6":[0,0],"7":[0,0],"8":[0,0],"9":[0,0],"10":[0,0],"11":[1,1]},"_coverageSchema":"43e27e138ebf9cfc5966b082cf9a028302ed4184","hash":"88cc69ec064de04edee6a1db10d886be461f43df"}
}
