TN:
SF:C:\Users\Dongcai\Documents\Projects\YAFLAP\code\YAFLAP\src\iki-parser\ast-convert.js
FN:1,grammarTextToGrammarStructure
FN:12,parseProduction
FN:21,parseLHSOfProduction
FN:29,skipProductionSign
FN:40,parseRHSOfProduction
FN:65,skipSemiColon
FN:75,parseSymbol
FN:86,parseSymbolList
FN:99,isLetter
FN:103,skipWhitespaces
FN:110,isWhitespace
FN:114,isUppercase
FNF:12
FNH:7
FNDA:1,grammarTextToGrammarStructure
FNDA:1,parseProduction
FNDA:1,parseLHSOfProduction
FNDA:0,skipProductionSign
FNDA:0,parseRHSOfProduction
FNDA:0,skipSemiColon
FNDA:0,parseSymbol
FNDA:0,parseSymbolList
FNDA:1,isLetter
FNDA:1,skipWhitespaces
FNDA:1,isWhitespace
FNDA:1,isUppercase
DA:2,1
DA:3,1
DA:4,1
DA:5,1
DA:6,0
DA:7,0
DA:9,0
DA:13,1
DA:14,0
DA:15,0
DA:16,0
DA:17,0
DA:22,1
DA:23,1
DA:25,0
DA:30,0
DA:31,0
DA:32,0
DA:33,0
DA:34,0
DA:36,0
DA:41,0
DA:42,0
DA:47,0
DA:48,0
DA:49,0
DA:50,0
DA:54,0
DA:57,0
DA:59,0
DA:66,0
DA:67,0
DA:69,0
DA:70,0
DA:72,0
DA:76,0
DA:77,0
DA:78,0
DA:80,0
DA:87,0
DA:88,0
DA:89,0
DA:90,0
DA:91,0
DA:93,0
DA:94,0
DA:96,0
DA:100,1
DA:104,1
DA:105,0
DA:107,1
DA:111,1
DA:115,1
LF:53
LH:12
BRDA:4,0,0,1
BRDA:4,0,1,1
BRDA:22,1,0,1
BRDA:22,1,1,0
BRDA:31,2,0,0
BRDA:31,2,1,0
BRDA:33,3,0,0
BRDA:33,3,1,0
BRDA:33,4,0,0
BRDA:33,4,1,0
BRDA:47,5,0,0
BRDA:47,5,1,0
BRDA:66,6,0,0
BRDA:66,6,1,0
BRDA:69,7,0,0
BRDA:69,7,1,0
BRDA:77,8,0,0
BRDA:77,8,1,0
BRDA:88,9,0,0
BRDA:88,9,1,0
BRDA:93,10,0,0
BRDA:93,10,1,0
BRDA:104,11,0,1
BRDA:104,11,1,1
BRF:24
BRH:5
end_of_record
